0 info it worked if it ends with ok
1 verbose cli [ '/usr/local/bin/node',
1 verbose cli   '/usr/local/bin/npm',
1 verbose cli   'install',
1 verbose cli   'coffee-script',
1 verbose cli   '-g' ]
2 info using npm@1.3.11
3 info using node@v0.10.21
4 verbose cache add [ 'coffee-script', null ]
5 verbose cache add name=undefined spec="coffee-script" args=["coffee-script",null]
6 verbose parsed url { protocol: null,
6 verbose parsed url   slashes: null,
6 verbose parsed url   auth: null,
6 verbose parsed url   host: null,
6 verbose parsed url   port: null,
6 verbose parsed url   hostname: null,
6 verbose parsed url   hash: null,
6 verbose parsed url   search: null,
6 verbose parsed url   query: null,
6 verbose parsed url   pathname: 'coffee-script',
6 verbose parsed url   path: 'coffee-script',
6 verbose parsed url   href: 'coffee-script' }
7 silly lockFile ab358269-coffee-script coffee-script
8 verbose lock coffee-script /home/bro/.npm/ab358269-coffee-script.lock
9 silly lockFile ab358269-coffee-script coffee-script
10 silly lockFile ab358269-coffee-script coffee-script
11 verbose addNamed [ 'coffee-script', '' ]
12 verbose addNamed [ null, '*' ]
13 silly lockFile 53951495-coffee-script coffee-script@
14 verbose lock coffee-script@ /home/bro/.npm/53951495-coffee-script.lock
15 silly addNameRange { name: 'coffee-script', range: '*', hasData: false }
16 verbose url raw coffee-script
17 verbose url resolving [ 'https://registry.npmjs.org/', './coffee-script' ]
18 verbose url resolved https://registry.npmjs.org/coffee-script
19 info trying registry request attempt 1 at 16:11:30
20 http GET https://registry.npmjs.org/coffee-script
21 http 200 https://registry.npmjs.org/coffee-script
22 silly registry.get cb [ 200,
22 silly registry.get   { vary: 'Accept',
22 silly registry.get     server: 'CouchDB/1.3.1 (Erlang OTP/R15B03)',
22 silly registry.get     etag: '"2HZAL9J6YNYHX7K414IYU5MS"',
22 silly registry.get     date: 'Sat, 09 Nov 2013 21:11:31 GMT',
22 silly registry.get     'content-type': 'application/json',
22 silly registry.get     'content-length': '41357' } ]
23 silly addNameRange number 2 { name: 'coffee-script', range: '*', hasData: true }
24 silly addNameRange versions [ 'coffee-script',
24 silly addNameRange   [ '0.7.0',
24 silly addNameRange     '0.7.1',
24 silly addNameRange     '0.7.2',
24 silly addNameRange     '0.9.0',
24 silly addNameRange     '0.9.1',
24 silly addNameRange     '0.9.2',
24 silly addNameRange     '0.9.3',
24 silly addNameRange     '0.9.4',
24 silly addNameRange     '0.9.5',
24 silly addNameRange     '0.9.6',
24 silly addNameRange     '1.0.0',
24 silly addNameRange     '1.0.1',
24 silly addNameRange     '1.1.0',
24 silly addNameRange     '1.1.1',
24 silly addNameRange     '1.1.2',
24 silly addNameRange     '1.1.3',
24 silly addNameRange     '1.2.0',
24 silly addNameRange     '1.3.0',
24 silly addNameRange     '1.3.1',
24 silly addNameRange     '1.3.2',
24 silly addNameRange     '1.3.3',
24 silly addNameRange     '1.4.0',
24 silly addNameRange     '1.5.0',
24 silly addNameRange     '1.6.0',
24 silly addNameRange     '1.6.1',
24 silly addNameRange     '1.6.2',
24 silly addNameRange     '1.6.3' ] ]
25 verbose addNamed [ 'coffee-script', '1.6.3' ]
26 verbose addNamed [ '1.6.3', '1.6.3' ]
27 silly lockFile 15ab88ca-coffee-script-1-6-3 coffee-script@1.6.3
28 verbose lock coffee-script@1.6.3 /home/bro/.npm/15ab88ca-coffee-script-1-6-3.lock
29 silly lockFile a0d97ffe-e-script-coffee-script-1-6-3-tgz https://registry.npmjs.org/coffee-script/-/coffee-script-1.6.3.tgz
30 verbose lock https://registry.npmjs.org/coffee-script/-/coffee-script-1.6.3.tgz /home/bro/.npm/a0d97ffe-e-script-coffee-script-1-6-3-tgz.lock
31 verbose addRemoteTarball [ 'https://registry.npmjs.org/coffee-script/-/coffee-script-1.6.3.tgz',
31 verbose addRemoteTarball   '6355d32cf1b04cdff6b484e5e711782b2f0c39be' ]
32 info retry fetch attempt 1 at 16:11:31
33 verbose fetch to= /home/bro/tmp/npm-8202-sa5auD0N/1384031491728-0.02418756438419223/tmp.tgz
34 http GET https://registry.npmjs.org/coffee-script/-/coffee-script-1.6.3.tgz
35 http 200 https://registry.npmjs.org/coffee-script/-/coffee-script-1.6.3.tgz
36 verbose tar unpack /home/bro/tmp/npm-8202-sa5auD0N/1384031491728-0.02418756438419223/tmp.tgz
37 silly lockFile cb45c3e6-1728-0-02418756438419223-package tar:///home/bro/tmp/npm-8202-sa5auD0N/1384031491728-0.02418756438419223/package
38 verbose lock tar:///home/bro/tmp/npm-8202-sa5auD0N/1384031491728-0.02418756438419223/package /home/bro/.npm/cb45c3e6-1728-0-02418756438419223-package.lock
39 silly lockFile 537876e6-1728-0-02418756438419223-tmp-tgz tar:///home/bro/tmp/npm-8202-sa5auD0N/1384031491728-0.02418756438419223/tmp.tgz
40 verbose lock tar:///home/bro/tmp/npm-8202-sa5auD0N/1384031491728-0.02418756438419223/tmp.tgz /home/bro/.npm/537876e6-1728-0-02418756438419223-tmp-tgz.lock
41 silly gunzTarPerm modes [ '755', '644' ]
42 silly gunzTarPerm extractEntry package.json
43 silly gunzTarPerm extractEntry .npmignore
44 silly gunzTarPerm extractEntry README
45 silly gunzTarPerm extractEntry LICENSE
46 silly gunzTarPerm extractEntry CNAME
47 silly gunzTarPerm extractEntry CONTRIBUTING.md
48 silly gunzTarPerm extractEntry Rakefile
49 silly gunzTarPerm extractEntry bin/cake
50 silly gunzTarPerm extractEntry bin/coffee
51 silly gunzTarPerm extractEntry lib/coffee-script/browser.js
52 silly gunzTarPerm extractEntry lib/coffee-script/grammar.js
53 silly gunzTarPerm extractEntry lib/coffee-script/helpers.js
54 silly gunzTarPerm extractEntry lib/coffee-script/index.js
55 silly gunzTarPerm extractEntry lib/coffee-script/command.js
56 silly gunzTarPerm extractEntry lib/coffee-script/nodes.js
57 silly gunzTarPerm extractEntry lib/coffee-script/optparse.js
58 silly gunzTarPerm extractEntry lib/coffee-script/parser.js
59 silly gunzTarPerm extractEntry lib/coffee-script/repl.js
60 silly gunzTarPerm extractEntry lib/coffee-script/rewriter.js
61 silly gunzTarPerm extractEntry lib/coffee-script/coffee-script.js
62 silly gunzTarPerm extractEntry lib/coffee-script/scope.js
63 silly gunzTarPerm extractEntry lib/coffee-script/cake.js
64 silly gunzTarPerm extractEntry lib/coffee-script/sourcemap.js
65 silly gunzTarPerm extractEntry lib/coffee-script/lexer.js
66 silly lockFile cb45c3e6-1728-0-02418756438419223-package tar:///home/bro/tmp/npm-8202-sa5auD0N/1384031491728-0.02418756438419223/package
67 silly lockFile cb45c3e6-1728-0-02418756438419223-package tar:///home/bro/tmp/npm-8202-sa5auD0N/1384031491728-0.02418756438419223/package
68 silly lockFile 537876e6-1728-0-02418756438419223-tmp-tgz tar:///home/bro/tmp/npm-8202-sa5auD0N/1384031491728-0.02418756438419223/tmp.tgz
69 silly lockFile 537876e6-1728-0-02418756438419223-tmp-tgz tar:///home/bro/tmp/npm-8202-sa5auD0N/1384031491728-0.02418756438419223/tmp.tgz
70 verbose tar pack [ '/home/bro/.npm/coffee-script/1.6.3/package.tgz',
70 verbose tar pack   '/home/bro/tmp/npm-8202-sa5auD0N/1384031491728-0.02418756438419223/package' ]
71 verbose tarball /home/bro/.npm/coffee-script/1.6.3/package.tgz
72 verbose folder /home/bro/tmp/npm-8202-sa5auD0N/1384031491728-0.02418756438419223/package
73 silly lockFile cb45c3e6-1728-0-02418756438419223-package tar:///home/bro/tmp/npm-8202-sa5auD0N/1384031491728-0.02418756438419223/package
74 verbose lock tar:///home/bro/tmp/npm-8202-sa5auD0N/1384031491728-0.02418756438419223/package /home/bro/.npm/cb45c3e6-1728-0-02418756438419223-package.lock
75 silly lockFile 39d46744--coffee-script-1-6-3-package-tgz tar:///home/bro/.npm/coffee-script/1.6.3/package.tgz
76 verbose lock tar:///home/bro/.npm/coffee-script/1.6.3/package.tgz /home/bro/.npm/39d46744--coffee-script-1-6-3-package-tgz.lock
77 silly lockFile cb45c3e6-1728-0-02418756438419223-package tar:///home/bro/tmp/npm-8202-sa5auD0N/1384031491728-0.02418756438419223/package
78 silly lockFile cb45c3e6-1728-0-02418756438419223-package tar:///home/bro/tmp/npm-8202-sa5auD0N/1384031491728-0.02418756438419223/package
79 silly lockFile 39d46744--coffee-script-1-6-3-package-tgz tar:///home/bro/.npm/coffee-script/1.6.3/package.tgz
80 silly lockFile 39d46744--coffee-script-1-6-3-package-tgz tar:///home/bro/.npm/coffee-script/1.6.3/package.tgz
81 silly lockFile 9ba83aea--npm-coffee-script-1-6-3-package /home/bro/.npm/coffee-script/1.6.3/package
82 verbose lock /home/bro/.npm/coffee-script/1.6.3/package /home/bro/.npm/9ba83aea--npm-coffee-script-1-6-3-package.lock
83 silly lockFile 9ba83aea--npm-coffee-script-1-6-3-package /home/bro/.npm/coffee-script/1.6.3/package
84 silly lockFile 9ba83aea--npm-coffee-script-1-6-3-package /home/bro/.npm/coffee-script/1.6.3/package
85 verbose tar unpack /home/bro/.npm/coffee-script/1.6.3/package.tgz
86 silly lockFile d927f47f--npm-coffee-script-1-6-3-package tar:///home/bro/.npm/coffee-script/1.6.3/package
87 verbose lock tar:///home/bro/.npm/coffee-script/1.6.3/package /home/bro/.npm/d927f47f--npm-coffee-script-1-6-3-package.lock
88 silly lockFile 39d46744--coffee-script-1-6-3-package-tgz tar:///home/bro/.npm/coffee-script/1.6.3/package.tgz
89 verbose lock tar:///home/bro/.npm/coffee-script/1.6.3/package.tgz /home/bro/.npm/39d46744--coffee-script-1-6-3-package-tgz.lock
90 silly gunzTarPerm modes [ '755', '644' ]
91 silly gunzTarPerm extractEntry package.json
92 silly gunzTarPerm extractEntry .npmignore
93 silly gunzTarPerm extractEntry README
94 silly gunzTarPerm extractEntry LICENSE
95 silly gunzTarPerm extractEntry CNAME
96 silly gunzTarPerm extractEntry CONTRIBUTING.md
97 silly gunzTarPerm extractEntry Rakefile
98 silly gunzTarPerm extractEntry bin/cake
99 silly gunzTarPerm extractEntry bin/coffee
100 silly gunzTarPerm extractEntry lib/coffee-script/browser.js
101 silly gunzTarPerm extractEntry lib/coffee-script/grammar.js
102 silly gunzTarPerm extractEntry lib/coffee-script/helpers.js
103 silly gunzTarPerm extractEntry lib/coffee-script/index.js
104 silly gunzTarPerm extractEntry lib/coffee-script/command.js
105 silly gunzTarPerm extractEntry lib/coffee-script/nodes.js
106 silly gunzTarPerm extractEntry lib/coffee-script/optparse.js
107 silly gunzTarPerm extractEntry lib/coffee-script/parser.js
108 silly gunzTarPerm extractEntry lib/coffee-script/repl.js
109 silly gunzTarPerm extractEntry lib/coffee-script/rewriter.js
110 silly gunzTarPerm extractEntry lib/coffee-script/coffee-script.js
111 silly gunzTarPerm extractEntry lib/coffee-script/scope.js
112 silly gunzTarPerm extractEntry lib/coffee-script/cake.js
113 silly gunzTarPerm extractEntry lib/coffee-script/sourcemap.js
114 silly gunzTarPerm extractEntry lib/coffee-script/lexer.js
115 silly lockFile d927f47f--npm-coffee-script-1-6-3-package tar:///home/bro/.npm/coffee-script/1.6.3/package
116 silly lockFile d927f47f--npm-coffee-script-1-6-3-package tar:///home/bro/.npm/coffee-script/1.6.3/package
117 silly lockFile 39d46744--coffee-script-1-6-3-package-tgz tar:///home/bro/.npm/coffee-script/1.6.3/package.tgz
118 silly lockFile 39d46744--coffee-script-1-6-3-package-tgz tar:///home/bro/.npm/coffee-script/1.6.3/package.tgz
119 verbose chmod /home/bro/.npm/coffee-script/1.6.3/package.tgz 644
120 verbose chown /home/bro/.npm/coffee-script/1.6.3/package.tgz [ 1000, 1000 ]
121 silly lockFile a0d97ffe-e-script-coffee-script-1-6-3-tgz https://registry.npmjs.org/coffee-script/-/coffee-script-1.6.3.tgz
122 silly lockFile a0d97ffe-e-script-coffee-script-1-6-3-tgz https://registry.npmjs.org/coffee-script/-/coffee-script-1.6.3.tgz
123 silly lockFile 15ab88ca-coffee-script-1-6-3 coffee-script@1.6.3
124 silly lockFile 15ab88ca-coffee-script-1-6-3 coffee-script@1.6.3
125 silly lockFile 53951495-coffee-script coffee-script@
126 silly lockFile 53951495-coffee-script coffee-script@
127 silly resolved [ { name: 'coffee-script',
127 silly resolved     description: 'Unfancy JavaScript',
127 silly resolved     keywords: [ 'javascript', 'language', 'coffeescript', 'compiler' ],
127 silly resolved     author: { name: 'Jeremy Ashkenas' },
127 silly resolved     version: '1.6.3',
127 silly resolved     licenses: [ [Object] ],
127 silly resolved     engines: { node: '>=0.8.0' },
127 silly resolved     directories: { lib: './lib/coffee-script' },
127 silly resolved     main: './lib/coffee-script/coffee-script',
127 silly resolved     bin: { coffee: './bin/coffee', cake: './bin/cake' },
127 silly resolved     scripts: { test: 'node ./bin/cake test' },
127 silly resolved     homepage: 'http://coffeescript.org',
127 silly resolved     bugs: { url: 'https://github.com/jashkenas/coffee-script/issues' },
127 silly resolved     repository:
127 silly resolved      { type: 'git',
127 silly resolved        url: 'git://github.com/jashkenas/coffee-script.git' },
127 silly resolved     devDependencies: { 'uglify-js': '~2.2', jison: '>=0.2.0' },
127 silly resolved     readme: '\n            {\n         }   }   {\n        {   {  }  }\n         }   }{  {\n        {  }{  }  }                    _____       __  __\n       ( }{ }{  { )                   / ____|     / _|/ _|\n     .- { { }  { }} -.               | |     ___ | |_| |_ ___  ___\n    (  ( } { } { } }  )              | |    / _ \\|  _|  _/ _ \\/ _ \\\n    |`-..________ ..-\'|              | |___| (_) | | | ||  __/  __/\n    |                 |               \\_____\\___/|_| |_| \\___|\\___|\n    |                 ;--.\n    |                (__  \\            _____           _       _\n    |                 | )  )          / ____|         (_)     | |\n    |                 |/  /          | (___   ___ _ __ _ _ __ | |_\n    |                 (  /            \\___ \\ / __| \'__| | \'_ \\| __|\n    |                 |/              ____) | (__| |  | | |_) | |_\n    |                 |              |_____/ \\___|_|  |_| .__/ \\__|\n     `-.._________..-\'                                  | |\n                                                        |_|\n\n\n  CoffeeScript is a little language that compiles into JavaScript.\n\n  Install Node.js, and then the CoffeeScript compiler:\n  sudo bin/cake install\n\n  Or, if you have the Node Package Manager installed:\n  npm install -g coffee-script\n  (Leave off the -g if you don\'t wish to install globally.)\n\n  Execute a script:\n  coffee /path/to/script.coffee\n\n  Compile a script:\n  coffee -c /path/to/script.coffee\n\n  For documentation, usage, and examples, see:\n  http://coffeescript.org/\n\n  To suggest a feature, report a bug, or general discussion:\n  http://github.com/jashkenas/coffee-script/issues/\n\n  If you\'d like to chat, drop by #coffeescript on Freenode IRC,\n  or on webchat.freenode.net.\n\n  The source repository:\n  git://github.com/jashkenas/coffee-script.git\n\n  All contributors are listed here:\n  http://github.com/jashkenas/coffee-script/contributors\n',
127 silly resolved     readmeFilename: 'README',
127 silly resolved     _id: 'coffee-script@1.6.3',
127 silly resolved     dist: { shasum: '59bb7f56835ca3f038ead58d64f7699686c805fc' },
127 silly resolved     _from: 'coffee-script@',
127 silly resolved     _resolved: 'https://registry.npmjs.org/coffee-script/-/coffee-script-1.6.3.tgz' } ]
128 info install coffee-script@1.6.3 into /usr/local/lib
129 info installOne coffee-script@1.6.3
130 info /usr/local/lib/node_modules/coffee-script unbuild
131 verbose tar unpack /home/bro/.npm/coffee-script/1.6.3/package.tgz
132 silly lockFile 865d9b08-l-lib-node-modules-coffee-script tar:///usr/local/lib/node_modules/coffee-script
133 verbose lock tar:///usr/local/lib/node_modules/coffee-script /home/bro/.npm/865d9b08-l-lib-node-modules-coffee-script.lock
134 silly lockFile 39d46744--coffee-script-1-6-3-package-tgz tar:///home/bro/.npm/coffee-script/1.6.3/package.tgz
135 verbose lock tar:///home/bro/.npm/coffee-script/1.6.3/package.tgz /home/bro/.npm/39d46744--coffee-script-1-6-3-package-tgz.lock
136 silly gunzTarPerm modes [ '755', '644' ]
137 error Error: EACCES, mkdir '/usr/local/lib/node_modules/coffee-script'
137 error  { [Error: EACCES, mkdir '/usr/local/lib/node_modules/coffee-script']
137 error   errno: 3,
137 error   code: 'EACCES',
137 error   path: '/usr/local/lib/node_modules/coffee-script',
137 error   fstream_type: 'Directory',
137 error   fstream_path: '/usr/local/lib/node_modules/coffee-script',
137 error   fstream_class: 'DirWriter',
137 error   fstream_stack:
137 error    [ '/usr/local/lib/node_modules/npm/node_modules/fstream/lib/dir-writer.js:36:23',
137 error      '/usr/local/lib/node_modules/npm/node_modules/mkdirp/index.js:37:53',
137 error      'Object.oncomplete (fs.js:107:15)' ] }
138 error Please try running this command again as root/Administrator.
139 error System Linux 3.2.0-56-generic-pae
140 error command "/usr/local/bin/node" "/usr/local/bin/npm" "install" "coffee-script" "-g"
141 error cwd /media/psf/Home/Developer/Hackerchat
142 error node -v v0.10.21
143 error npm -v 1.3.11
144 error path /usr/local/lib/node_modules/coffee-script
145 error fstream_path /usr/local/lib/node_modules/coffee-script
146 error fstream_type Directory
147 error fstream_class DirWriter
148 error code EACCES
149 error errno 3
150 error stack Error: EACCES, mkdir '/usr/local/lib/node_modules/coffee-script'
151 error fstream_stack /usr/local/lib/node_modules/npm/node_modules/fstream/lib/dir-writer.js:36:23
151 error fstream_stack /usr/local/lib/node_modules/npm/node_modules/mkdirp/index.js:37:53
151 error fstream_stack Object.oncomplete (fs.js:107:15)
152 verbose exit [ 3, true ]
